  main.cpp
main.obj : error LNK2019: unresolved external symbol "__declspec(dllimport) public: __thiscall sf::String::String(char const *,class std::locale const &)" (__imp_??0String@sf@@QAE@PBDABVlocale@std@@@Z) referenced in function _main
main.obj : error LNK2019: unresolved external symbol "__declspec(dllimport) public: __thiscall sf::String::~String(void)" (__imp_??1String@sf@@QAE@XZ) referenced in function _main
main.obj : error LNK2019: unresolved external symbol "__declspec(dllimport) public: __thiscall sf::VideoMode::VideoMode(unsigned int,unsigned int,unsigned int)" (__imp_??0VideoMode@sf@@QAE@III@Z) referenced in function _main
main.obj : error LNK2019: unresolved external symbol "__declspec(dllimport) public: void __thiscall sf::Window::close(void)" (__imp_?close@Window@sf@@QAEXXZ) referenced in function _main
main.obj : error LNK2019: unresolved external symbol "__declspec(dllimport) public: bool __thiscall sf::Window::isOpen(void)const " (__imp_?isOpen@Window@sf@@QBE_NXZ) referenced in function _main
main.obj : error LNK2019: unresolved external symbol "__declspec(dllimport) public: bool __thiscall sf::Window::pollEvent(class sf::Event &)" (__imp_?pollEvent@Window@sf@@QAE_NAAVEvent@2@@Z) referenced in function _main
main.obj : error LNK2019: unresolved external symbol "__declspec(dllimport) public: __thiscall sf::RenderWindow::RenderWindow(class sf::VideoMode,class sf::String const &,unsigned int,struct sf::ContextSettings const &)" (__imp_??0RenderWindow@sf@@QAE@VVideoMode@1@ABVString@1@IABUContextSettings@1@@Z) referenced in function _main
main.obj : error LNK2019: unresolved external symbol "__declspec(dllimport) public: virtual __thiscall sf::RenderWindow::~RenderWindow(void)" (__imp_??1RenderWindow@sf@@UAE@XZ) referenced in function _main
C:\Users\green\Desktop\Swinburne\Data Structure\SFML-2.5.1-windows-vc15-64-bit\SFML-2.5.1\lib\flac.lib : warning LNK4272: library machine type 'x64' conflicts with target machine type 'x86'
C:\Users\green\Desktop\Swinburne\Data Structure\SFML-2.5.1-windows-vc15-64-bit\SFML-2.5.1\lib\freetype.lib : warning LNK4272: library machine type 'x64' conflicts with target machine type 'x86'
C:\Users\green\Desktop\Swinburne\Data Structure\SFML-2.5.1-windows-vc15-64-bit\SFML-2.5.1\lib\ogg.lib : warning LNK4272: library machine type 'x64' conflicts with target machine type 'x86'
C:\Users\green\Desktop\Swinburne\Data Structure\SFML-2.5.1-windows-vc15-64-bit\SFML-2.5.1\lib\openal32.lib : warning LNK4272: library machine type 'x64' conflicts with target machine type 'x86'
C:\Users\green\Desktop\Swinburne\Data Structure\SFML-2.5.1-windows-vc15-64-bit\SFML-2.5.1\lib\sfml-audio.lib : warning LNK4272: library machine type 'x64' conflicts with target machine type 'x86'
C:\Users\green\Desktop\Swinburne\Data Structure\SFML-2.5.1-windows-vc15-64-bit\SFML-2.5.1\lib\sfml-audio-d.lib : warning LNK4272: library machine type 'x64' conflicts with target machine type 'x86'
C:\Users\green\Desktop\Swinburne\Data Structure\SFML-2.5.1-windows-vc15-64-bit\SFML-2.5.1\lib\sfml-audio-s.lib : warning LNK4272: library machine type 'x64' conflicts with target machine type 'x86'
C:\Users\green\Desktop\Swinburne\Data Structure\SFML-2.5.1-windows-vc15-64-bit\SFML-2.5.1\lib\sfml-audio-s-d.lib : warning LNK4272: library machine type 'x64' conflicts with target machine type 'x86'
C:\Users\green\Desktop\Swinburne\Data Structure\SFML-2.5.1-windows-vc15-64-bit\SFML-2.5.1\lib\sfml-graphics.lib : warning LNK4272: library machine type 'x64' conflicts with target machine type 'x86'
C:\Users\green\Desktop\Swinburne\Data Structure\SFML-2.5.1-windows-vc15-64-bit\SFML-2.5.1\lib\sfml-graphics-d.lib : warning LNK4272: library machine type 'x64' conflicts with target machine type 'x86'
C:\Users\green\Desktop\Swinburne\Data Structure\SFML-2.5.1-windows-vc15-64-bit\SFML-2.5.1\lib\sfml-graphics-s.lib : warning LNK4272: library machine type 'x64' conflicts with target machine type 'x86'
C:\Users\green\Desktop\Swinburne\Data Structure\SFML-2.5.1-windows-vc15-64-bit\SFML-2.5.1\lib\sfml-graphics-s-d.lib : warning LNK4272: library machine type 'x64' conflicts with target machine type 'x86'
C:\Users\green\Desktop\Swinburne\Data Structure\SFML-2.5.1-windows-vc15-64-bit\SFML-2.5.1\lib\sfml-main.lib : warning LNK4272: library machine type 'x64' conflicts with target machine type 'x86'
C:\Users\green\Desktop\Swinburne\Data Structure\SFML-2.5.1-windows-vc15-64-bit\SFML-2.5.1\lib\sfml-main-d.lib : warning LNK4272: library machine type 'x64' conflicts with target machine type 'x86'
C:\Users\green\Desktop\Swinburne\Data Structure\SFML-2.5.1-windows-vc15-64-bit\SFML-2.5.1\lib\sfml-network.lib : warning LNK4272: library machine type 'x64' conflicts with target machine type 'x86'
C:\Users\green\Desktop\Swinburne\Data Structure\SFML-2.5.1-windows-vc15-64-bit\SFML-2.5.1\lib\sfml-network-d.lib : warning LNK4272: library machine type 'x64' conflicts with target machine type 'x86'
C:\Users\green\Desktop\Swinburne\Data Structure\SFML-2.5.1-windows-vc15-64-bit\SFML-2.5.1\lib\sfml-network-s.lib : warning LNK4272: library machine type 'x64' conflicts with target machine type 'x86'
C:\Users\green\Desktop\Swinburne\Data Structure\SFML-2.5.1-windows-vc15-64-bit\SFML-2.5.1\lib\sfml-network-s-d.lib : warning LNK4272: library machine type 'x64' conflicts with target machine type 'x86'
C:\Users\green\Desktop\Swinburne\Data Structure\SFML-2.5.1-windows-vc15-64-bit\SFML-2.5.1\lib\sfml-system.lib : warning LNK4272: library machine type 'x64' conflicts with target machine type 'x86'
C:\Users\green\Desktop\Swinburne\Data Structure\SFML-2.5.1-windows-vc15-64-bit\SFML-2.5.1\lib\sfml-system-d.lib : warning LNK4272: library machine type 'x64' conflicts with target machine type 'x86'
C:\Users\green\Desktop\Swinburne\Data Structure\SFML-2.5.1-windows-vc15-64-bit\SFML-2.5.1\lib\sfml-system-s.lib : warning LNK4272: library machine type 'x64' conflicts with target machine type 'x86'
C:\Users\green\Desktop\Swinburne\Data Structure\SFML-2.5.1-windows-vc15-64-bit\SFML-2.5.1\lib\sfml-system-s-d.lib : warning LNK4272: library machine type 'x64' conflicts with target machine type 'x86'
C:\Users\green\Desktop\Swinburne\Data Structure\SFML-2.5.1-windows-vc15-64-bit\SFML-2.5.1\lib\sfml-window.lib : warning LNK4272: library machine type 'x64' conflicts with target machine type 'x86'
C:\Users\green\Desktop\Swinburne\Data Structure\SFML-2.5.1-windows-vc15-64-bit\SFML-2.5.1\lib\sfml-window-d.lib : warning LNK4272: library machine type 'x64' conflicts with target machine type 'x86'
C:\Users\green\Desktop\Swinburne\Data Structure\SFML-2.5.1-windows-vc15-64-bit\SFML-2.5.1\lib\sfml-window-s.lib : warning LNK4272: library machine type 'x64' conflicts with target machine type 'x86'
C:\Users\green\Desktop\Swinburne\Data Structure\SFML-2.5.1-windows-vc15-64-bit\SFML-2.5.1\lib\sfml-window-s-d.lib : warning LNK4272: library machine type 'x64' conflicts with target machine type 'x86'
C:\Users\green\Desktop\Swinburne\Data Structure\SFML-2.5.1-windows-vc15-64-bit\SFML-2.5.1\lib\vorbis.lib : warning LNK4272: library machine type 'x64' conflicts with target machine type 'x86'
C:\Users\green\Desktop\Swinburne\Data Structure\SFML-2.5.1-windows-vc15-64-bit\SFML-2.5.1\lib\vorbisenc.lib : warning LNK4272: library machine type 'x64' conflicts with target machine type 'x86'
C:\Users\green\Desktop\Swinburne\Data Structure\SFML-2.5.1-windows-vc15-64-bit\SFML-2.5.1\lib\vorbisfile.lib : warning LNK4272: library machine type 'x64' conflicts with target machine type 'x86'
C:\Users\green\Desktop\Swinburne\Data Structure\Assignment\DS_Project\Debug\DS_Project.exe : fatal error LNK1120: 8 unresolved externals
